<?xml version="1.0" encoding="UTF-8"?>
<!-- Generated by org.testng.reporters.JUnitReportReporter -->
<testsuite hostname="DESKTOP-V2RM7QU" failures="0" tests="6" name="testScripts.TestCases" time="42.987" errors="0" timestamp="2023-05-17T14:48:14 IST" skipped="0">
  <testcase classname="testScripts.TestCases" name="CartFunctionality" time="19.129"/>
  <system-out/>
  <testcase classname="testScripts.TestCases" name="CompleteCheckOutFlow" time="9.829"/>
  <system-out/>
  <testcase classname="testScripts.TestCases" name="LoginTest" time="3.456"/>
  <system-out/>
  <testcase classname="testScripts.TestCases" name="LoginWithInvalidUser" time="3.325"/>
  <system-out/>
  <testcase classname="testScripts.TestCases" name="LoginWithMissingUsername" time="3.126"/>
  <system-out/>
  <testcase classname="testScripts.TestCases" name="LoginWithMissingPassword" time="4.122"/>
  <system-out/>
</testsuite> <!-- testScripts.TestCases -->
